Start testing: Sep 15 11:33 BST
----------------------------------------------------------
1/1 Testing: ast_point
1/1 Test: ast_point
Command: "/arxiv/source_tree/asymmetricTreeCluster/build/tests/point"
Directory: /arxiv/source_tree/asymmetricTreeCluster/build/tests
"ast_point" start time: Sep 15 11:33 BST
Output:
----------------------------------------------------------
<end of output>
Test time =   0.00 sec
----------------------------------------------------------
Test Passed.
"ast_point" end time: Sep 15 11:33 BST
"ast_point" time elapsed: 00:00:00
----------------------------------------------------------

End testing: Sep 15 11:33 BST
